0 silly argv {
0 silly argv   _: [ 'add' ],
0 silly argv   scope: 'client',
0 silly argv   globs: [],
0 silly argv   lernaVersion: '5.4.3',
0 silly argv   '$0': 'node_modules/.bin/lerna',
0 silly argv   pkg: 'sass-embedded'
0 silly argv }
1 notice cli v5.4.3
2 verbose rootPath /home/lira/dev/DOMinators
3 error JSONError: Unexpected token "}" (0x7D) in JSON at position 473 while parsing near "...-dom\": \"^6.28.0\",\n  },\n  \"devDependencie..." in packages/client/package.json
3 error
3 error [0m [90m 19 |[39m     [32m"react-dom"[39m[33m:[39m [32m"^18.2.0"[39m[33m,[39m[0m
3 error [0m [90m 20 |[39m     [32m"react-router-dom"[39m[33m:[39m [32m"^6.28.0"[39m[33m,[39m[0m
3 error [0m[31m[1m>[22m[39m[90m 21 |[39m   }[33m,[39m[0m
3 error [0m [90m    |[39m   [31m[1m^[22m[39m[0m
3 error [0m [90m 22 |[39m   [32m"devDependencies"[39m[33m:[39m {[0m
3 error [0m [90m 23 |[39m     [32m"@testing-library/react"[39m[33m:[39m [32m"^13.3.0"[39m[33m,[39m[0m
3 error [0m [90m 24 |[39m     [32m"@types/jest"[39m[33m:[39m [32m"^28.1.8"[39m[33m,[39m[0m
3 error
3 error     at parseJson (/home/lira/dev/DOMinators/node_modules/parse-json/index.js:29:21)
3 error     at parse (/home/lira/dev/DOMinators/node_modules/load-json-file/index.js:15:9)
3 error     at module.exports (/home/lira/dev/DOMinators/node_modules/load-json-file/index.js:18:47)
